c:\users\fastfalcon\source\repos\onvif-device-manager\libs\live555-2013.02.11\bin\x64\debug\live555.pdb
c:\users\fastfalcon\source\repos\onvif-device-manager\libs\live555-2013.02.11\bin\x64\debug\live555.idb
c:\users\fastfalcon\source\repos\onvif-device-manager\libs\live555-2013.02.11\obj\x64\debug\sipclient.obj
c:\users\fastfalcon\source\repos\onvif-device-manager\libs\live555-2013.02.11\obj\x64\debug\streamparser.obj
c:\users\fastfalcon\source\repos\onvif-device-manager\libs\live555-2013.02.11\obj\x64\debug\streamreplicator.obj
c:\users\fastfalcon\source\repos\onvif-device-manager\libs\live555-2013.02.11\obj\x64\debug\t140textmatroskafileservermediasubsession.obj
c:\users\fastfalcon\source\repos\onvif-device-manager\libs\live555-2013.02.11\obj\x64\debug\t140textrtpsink.obj
c:\users\fastfalcon\source\repos\onvif-device-manager\libs\live555-2013.02.11\obj\x64\debug\tcpstreamsink.obj
c:\users\fastfalcon\source\repos\onvif-device-manager\libs\live555-2013.02.11\obj\x64\debug\textrtpsink.obj
c:\users\fastfalcon\source\repos\onvif-device-manager\libs\live555-2013.02.11\obj\x64\debug\ulawaudiofilter.obj
c:\users\fastfalcon\source\repos\onvif-device-manager\libs\live555-2013.02.11\obj\x64\debug\videortpsink.obj
c:\users\fastfalcon\source\repos\onvif-device-manager\libs\live555-2013.02.11\obj\x64\debug\vorbisaudiomatroskafileservermediasubsession.obj
c:\users\fastfalcon\source\repos\onvif-device-manager\libs\live555-2013.02.11\obj\x64\debug\vorbisaudiortpsink.obj
c:\users\fastfalcon\source\repos\onvif-device-manager\libs\live555-2013.02.11\obj\x64\debug\vorbisaudiortpsource.obj
c:\users\fastfalcon\source\repos\onvif-device-manager\libs\live555-2013.02.11\obj\x64\debug\vp8videomatroskafileservermediasubsession.obj
c:\users\fastfalcon\source\repos\onvif-device-manager\libs\live555-2013.02.11\obj\x64\debug\vp8videortpsink.obj
c:\users\fastfalcon\source\repos\onvif-device-manager\libs\live555-2013.02.11\obj\x64\debug\vp8videortpsource.obj
c:\users\fastfalcon\source\repos\onvif-device-manager\libs\live555-2013.02.11\obj\x64\debug\wavaudiofileservermediasubsession.obj
c:\users\fastfalcon\source\repos\onvif-device-manager\libs\live555-2013.02.11\obj\x64\debug\wavaudiofilesource.obj
c:\users\fastfalcon\source\repos\onvif-device-manager\libs\live555-2013.02.11\obj\x64\debug\hashtable.obj
c:\users\fastfalcon\source\repos\onvif-device-manager\libs\live555-2013.02.11\obj\x64\debug\strdup.obj
c:\users\fastfalcon\source\repos\onvif-device-manager\libs\live555-2013.02.11\obj\x64\debug\usageenvironment.obj
c:\users\fastfalcon\source\repos\onvif-device-manager\libs\live555-2013.02.11\obj\x64\debug\multiframedrtpsink.obj
c:\users\fastfalcon\source\repos\onvif-device-manager\libs\live555-2013.02.11\obj\x64\debug\multiframedrtpsource.obj
c:\users\fastfalcon\source\repos\onvif-device-manager\libs\live555-2013.02.11\obj\x64\debug\ondemandservermediasubsession.obj
c:\users\fastfalcon\source\repos\onvif-device-manager\libs\live555-2013.02.11\obj\x64\debug\outputfile.obj
c:\users\fastfalcon\source\repos\onvif-device-manager\libs\live555-2013.02.11\obj\x64\debug\passiveservermediasubsession.obj
c:\users\fastfalcon\source\repos\onvif-device-manager\libs\live555-2013.02.11\obj\x64\debug\proxyservermediasession.obj
c:\users\fastfalcon\source\repos\onvif-device-manager\libs\live555-2013.02.11\obj\x64\debug\qcelpaudiortpsource.obj
c:\users\fastfalcon\source\repos\onvif-device-manager\libs\live555-2013.02.11\obj\x64\debug\quicktimefilesink.obj
c:\users\fastfalcon\source\repos\onvif-device-manager\libs\live555-2013.02.11\obj\x64\debug\quicktimegenericrtpsource.obj
c:\users\fastfalcon\source\repos\onvif-device-manager\libs\live555-2013.02.11\obj\x64\debug\rtcp.obj
c:\users\fastfalcon\source\repos\onvif-device-manager\libs\live555-2013.02.11\obj\x64\debug\rtpinterface.obj
c:\users\fastfalcon\source\repos\onvif-device-manager\libs\live555-2013.02.11\obj\x64\debug\rtpsink.obj
c:\users\fastfalcon\source\repos\onvif-device-manager\libs\live555-2013.02.11\obj\x64\debug\rtpsource.obj
c:\users\fastfalcon\source\repos\onvif-device-manager\libs\live555-2013.02.11\obj\x64\debug\rtspclient.obj
c:\users\fastfalcon\source\repos\onvif-device-manager\libs\live555-2013.02.11\obj\x64\debug\rtspcommon.obj
c:\users\fastfalcon\source\repos\onvif-device-manager\libs\live555-2013.02.11\obj\x64\debug\rtspserver.obj
c:\users\fastfalcon\source\repos\onvif-device-manager\libs\live555-2013.02.11\obj\x64\debug\rtspserversupportinghttpstreaming.obj
c:\users\fastfalcon\source\repos\onvif-device-manager\libs\live555-2013.02.11\obj\x64\debug\servermediasession.obj
c:\users\fastfalcon\source\repos\onvif-device-manager\libs\live555-2013.02.11\obj\x64\debug\simplertpsink.obj
c:\users\fastfalcon\source\repos\onvif-device-manager\libs\live555-2013.02.11\obj\x64\debug\simplertpsource.obj
c:\users\fastfalcon\source\repos\onvif-device-manager\libs\live555-2013.02.11\obj\x64\debug\mpeg2indexfromtransportstream.obj
c:\users\fastfalcon\source\repos\onvif-device-manager\libs\live555-2013.02.11\obj\x64\debug\mpeg2transportfileservermediasubsession.obj
c:\users\fastfalcon\source\repos\onvif-device-manager\libs\live555-2013.02.11\obj\x64\debug\mpeg2transportstreamframer.obj
c:\users\fastfalcon\source\repos\onvif-device-manager\libs\live555-2013.02.11\obj\x64\debug\mpeg2transportstreamfromessource.obj
c:\users\fastfalcon\source\repos\onvif-device-manager\libs\live555-2013.02.11\obj\x64\debug\mpeg2transportstreamfrompessource.obj
c:\users\fastfalcon\source\repos\onvif-device-manager\libs\live555-2013.02.11\obj\x64\debug\mpeg2transportstreamindexfile.obj
c:\users\fastfalcon\source\repos\onvif-device-manager\libs\live555-2013.02.11\obj\x64\debug\mpeg2transportstreammultiplexor.obj
c:\users\fastfalcon\source\repos\onvif-device-manager\libs\live555-2013.02.11\obj\x64\debug\mpeg2transportstreamtrickmodefilter.obj
c:\users\fastfalcon\source\repos\onvif-device-manager\libs\live555-2013.02.11\obj\x64\debug\mpeg2transportudpservermediasubsession.obj
c:\users\fastfalcon\source\repos\onvif-device-manager\libs\live555-2013.02.11\obj\x64\debug\mpeg4esvideortpsink.obj
c:\users\fastfalcon\source\repos\onvif-device-manager\libs\live555-2013.02.11\obj\x64\debug\mpeg4esvideortpsource.obj
c:\users\fastfalcon\source\repos\onvif-device-manager\libs\live555-2013.02.11\obj\x64\debug\mpeg4genericrtpsink.obj
c:\users\fastfalcon\source\repos\onvif-device-manager\libs\live555-2013.02.11\obj\x64\debug\mpeg4genericrtpsource.obj
c:\users\fastfalcon\source\repos\onvif-device-manager\libs\live555-2013.02.11\obj\x64\debug\mpeg4latmaudiortpsink.obj
c:\users\fastfalcon\source\repos\onvif-device-manager\libs\live555-2013.02.11\obj\x64\debug\mpeg4latmaudiortpsource.obj
c:\users\fastfalcon\source\repos\onvif-device-manager\libs\live555-2013.02.11\obj\x64\debug\mpeg4videofileservermediasubsession.obj
c:\users\fastfalcon\source\repos\onvif-device-manager\libs\live555-2013.02.11\obj\x64\debug\mpeg4videostreamdiscreteframer.obj
c:\users\fastfalcon\source\repos\onvif-device-manager\libs\live555-2013.02.11\obj\x64\debug\mpeg4videostreamframer.obj
c:\users\fastfalcon\source\repos\onvif-device-manager\libs\live555-2013.02.11\obj\x64\debug\mpegvideostreamframer.obj
c:\users\fastfalcon\source\repos\onvif-device-manager\libs\live555-2013.02.11\obj\x64\debug\mpegvideostreamparser.obj
c:\users\fastfalcon\source\repos\onvif-device-manager\libs\live555-2013.02.11\obj\x64\debug\mp3audiofileservermediasubsession.obj
c:\users\fastfalcon\source\repos\onvif-device-manager\libs\live555-2013.02.11\obj\x64\debug\mp3audiomatroskafileservermediasubsession.obj
c:\users\fastfalcon\source\repos\onvif-device-manager\libs\live555-2013.02.11\obj\x64\debug\mp3filesource.obj
c:\users\fastfalcon\source\repos\onvif-device-manager\libs\live555-2013.02.11\obj\x64\debug\mp3internals.obj
c:\users\fastfalcon\source\repos\onvif-device-manager\libs\live555-2013.02.11\obj\x64\debug\mp3internalshuffman.obj
c:\users\fastfalcon\source\repos\onvif-device-manager\libs\live555-2013.02.11\obj\x64\debug\mp3internalshuffmantable.obj
c:\users\fastfalcon\source\repos\onvif-device-manager\libs\live555-2013.02.11\obj\x64\debug\mp3streamstate.obj
c:\users\fastfalcon\source\repos\onvif-device-manager\libs\live555-2013.02.11\obj\x64\debug\mp3transcoder.obj
c:\users\fastfalcon\source\repos\onvif-device-manager\libs\live555-2013.02.11\obj\x64\debug\mpeg1or2audiortpsink.obj
c:\users\fastfalcon\source\repos\onvif-device-manager\libs\live555-2013.02.11\obj\x64\debug\mpeg1or2audiortpsource.obj
c:\users\fastfalcon\source\repos\onvif-device-manager\libs\live555-2013.02.11\obj\x64\debug\mpeg1or2audiostreamframer.obj
c:\users\fastfalcon\source\repos\onvif-device-manager\libs\live555-2013.02.11\obj\x64\debug\mpeg1or2demux.obj
c:\users\fastfalcon\source\repos\onvif-device-manager\libs\live555-2013.02.11\obj\x64\debug\mpeg1or2demuxedelementarystream.obj
c:\users\fastfalcon\source\repos\onvif-device-manager\libs\live555-2013.02.11\obj\x64\debug\mpeg1or2demuxedservermediasubsession.obj
c:\users\fastfalcon\source\repos\onvif-device-manager\libs\live555-2013.02.11\obj\x64\debug\mpeg1or2fileserverdemux.obj
c:\users\fastfalcon\source\repos\onvif-device-manager\libs\live555-2013.02.11\obj\x64\debug\mpeg1or2videofileservermediasubsession.obj
c:\users\fastfalcon\source\repos\onvif-device-manager\libs\live555-2013.02.11\obj\x64\debug\mpeg1or2videortpsink.obj
c:\users\fastfalcon\source\repos\onvif-device-manager\libs\live555-2013.02.11\obj\x64\debug\mpeg1or2videortpsource.obj
c:\users\fastfalcon\source\repos\onvif-device-manager\libs\live555-2013.02.11\obj\x64\debug\mpeg1or2videostreamdiscreteframer.obj
c:\users\fastfalcon\source\repos\onvif-device-manager\libs\live555-2013.02.11\obj\x64\debug\mpeg1or2videostreamframer.obj
c:\users\fastfalcon\source\repos\onvif-device-manager\libs\live555-2013.02.11\obj\x64\debug\h264videostreamframer.obj
c:\users\fastfalcon\source\repos\onvif-device-manager\libs\live555-2013.02.11\obj\x64\debug\inputfile.obj
c:\users\fastfalcon\source\repos\onvif-device-manager\libs\live555-2013.02.11\obj\x64\debug\jpegvideortpsink.obj
c:\users\fastfalcon\source\repos\onvif-device-manager\libs\live555-2013.02.11\obj\x64\debug\jpegvideortpsource.obj
c:\users\fastfalcon\source\repos\onvif-device-manager\libs\live555-2013.02.11\obj\x64\debug\jpegvideosource.obj
c:\users\fastfalcon\source\repos\onvif-device-manager\libs\live555-2013.02.11\obj\x64\debug\locale.obj
c:\users\fastfalcon\source\repos\onvif-device-manager\libs\live555-2013.02.11\obj\x64\debug\matroskademuxedtrack.obj
c:\users\fastfalcon\source\repos\onvif-device-manager\libs\live555-2013.02.11\obj\x64\debug\matroskafile.obj
c:\users\fastfalcon\source\repos\onvif-device-manager\libs\live555-2013.02.11\obj\x64\debug\matroskafileparser.obj
c:\users\fastfalcon\source\repos\onvif-device-manager\libs\live555-2013.02.11\obj\x64\debug\matroskafileserverdemux.obj
c:\users\fastfalcon\source\repos\onvif-device-manager\libs\live555-2013.02.11\obj\x64\debug\media.obj
c:\users\fastfalcon\source\repos\onvif-device-manager\libs\live555-2013.02.11\obj\x64\debug\mediasession.obj
c:\users\fastfalcon\source\repos\onvif-device-manager\libs\live555-2013.02.11\obj\x64\debug\mediasink.obj
c:\users\fastfalcon\source\repos\onvif-device-manager\libs\live555-2013.02.11\obj\x64\debug\mediasource.obj
c:\users\fastfalcon\source\repos\onvif-device-manager\libs\live555-2013.02.11\obj\x64\debug\mp3adu.obj
c:\users\fastfalcon\source\repos\onvif-device-manager\libs\live555-2013.02.11\obj\x64\debug\mp3adudescriptor.obj
c:\users\fastfalcon\source\repos\onvif-device-manager\libs\live555-2013.02.11\obj\x64\debug\mp3aduinterleaving.obj
c:\users\fastfalcon\source\repos\onvif-device-manager\libs\live555-2013.02.11\obj\x64\debug\mp3adurtpsink.obj
c:\users\fastfalcon\source\repos\onvif-device-manager\libs\live555-2013.02.11\obj\x64\debug\mp3adurtpsource.obj
c:\users\fastfalcon\source\repos\onvif-device-manager\libs\live555-2013.02.11\obj\x64\debug\mp3adutranscoder.obj
c:\users\fastfalcon\source\repos\onvif-device-manager\libs\live555-2013.02.11\obj\x64\debug\dvvideostreamframer.obj
c:\users\fastfalcon\source\repos\onvif-device-manager\libs\live555-2013.02.11\obj\x64\debug\ebmlnumber.obj
c:\users\fastfalcon\source\repos\onvif-device-manager\libs\live555-2013.02.11\obj\x64\debug\fileservermediasubsession.obj
c:\users\fastfalcon\source\repos\onvif-device-manager\libs\live555-2013.02.11\obj\x64\debug\filesink.obj
c:\users\fastfalcon\source\repos\onvif-device-manager\libs\live555-2013.02.11\obj\x64\debug\framedfilesource.obj
c:\users\fastfalcon\source\repos\onvif-device-manager\libs\live555-2013.02.11\obj\x64\debug\framedfilter.obj
c:\users\fastfalcon\source\repos\onvif-device-manager\libs\live555-2013.02.11\obj\x64\debug\framedsource.obj
c:\users\fastfalcon\source\repos\onvif-device-manager\libs\live555-2013.02.11\obj\x64\debug\gsmaudiortpsink.obj
c:\users\fastfalcon\source\repos\onvif-device-manager\libs\live555-2013.02.11\obj\x64\debug\h261videortpsource.obj
c:\users\fastfalcon\source\repos\onvif-device-manager\libs\live555-2013.02.11\obj\x64\debug\h263plusvideofileservermediasubsession.obj
c:\users\fastfalcon\source\repos\onvif-device-manager\libs\live555-2013.02.11\obj\x64\debug\h263plusvideortpsink.obj
c:\users\fastfalcon\source\repos\onvif-device-manager\libs\live555-2013.02.11\obj\x64\debug\h263plusvideortpsource.obj
c:\users\fastfalcon\source\repos\onvif-device-manager\libs\live555-2013.02.11\obj\x64\debug\h263plusvideostreamframer.obj
c:\users\fastfalcon\source\repos\onvif-device-manager\libs\live555-2013.02.11\obj\x64\debug\h263plusvideostreamparser.obj
c:\users\fastfalcon\source\repos\onvif-device-manager\libs\live555-2013.02.11\obj\x64\debug\h264videofileservermediasubsession.obj
c:\users\fastfalcon\source\repos\onvif-device-manager\libs\live555-2013.02.11\obj\x64\debug\h264videofilesink.obj
c:\users\fastfalcon\source\repos\onvif-device-manager\libs\live555-2013.02.11\obj\x64\debug\h264videomatroskafileservermediasubsession.obj
c:\users\fastfalcon\source\repos\onvif-device-manager\libs\live555-2013.02.11\obj\x64\debug\h264videortpsink.obj
c:\users\fastfalcon\source\repos\onvif-device-manager\libs\live555-2013.02.11\obj\x64\debug\h264videortpsource.obj
c:\users\fastfalcon\source\repos\onvif-device-manager\libs\live555-2013.02.11\obj\x64\debug\h264videostreamdiscreteframer.obj
c:\users\fastfalcon\source\repos\onvif-device-manager\libs\live555-2013.02.11\obj\x64\debug\amraudiofilesource.obj
c:\users\fastfalcon\source\repos\onvif-device-manager\libs\live555-2013.02.11\obj\x64\debug\amraudiortpsink.obj
c:\users\fastfalcon\source\repos\onvif-device-manager\libs\live555-2013.02.11\obj\x64\debug\amraudiortpsource.obj
c:\users\fastfalcon\source\repos\onvif-device-manager\libs\live555-2013.02.11\obj\x64\debug\amraudiosource.obj
c:\users\fastfalcon\source\repos\onvif-device-manager\libs\live555-2013.02.11\obj\x64\debug\audioinputdevice.obj
c:\users\fastfalcon\source\repos\onvif-device-manager\libs\live555-2013.02.11\obj\x64\debug\audiortpsink.obj
c:\users\fastfalcon\source\repos\onvif-device-manager\libs\live555-2013.02.11\obj\x64\debug\avifilesink.obj
c:\users\fastfalcon\source\repos\onvif-device-manager\libs\live555-2013.02.11\obj\x64\debug\base64.obj
c:\users\fastfalcon\source\repos\onvif-device-manager\libs\live555-2013.02.11\obj\x64\debug\basicudpsink.obj
c:\users\fastfalcon\source\repos\onvif-device-manager\libs\live555-2013.02.11\obj\x64\debug\basicudpsource.obj
c:\users\fastfalcon\source\repos\onvif-device-manager\libs\live555-2013.02.11\obj\x64\debug\bitvector.obj
c:\users\fastfalcon\source\repos\onvif-device-manager\libs\live555-2013.02.11\obj\x64\debug\bytestreamfilesource.obj
c:\users\fastfalcon\source\repos\onvif-device-manager\libs\live555-2013.02.11\obj\x64\debug\bytestreammemorybuffersource.obj
c:\users\fastfalcon\source\repos\onvif-device-manager\libs\live555-2013.02.11\obj\x64\debug\bytestreammultifilesource.obj
c:\users\fastfalcon\source\repos\onvif-device-manager\libs\live555-2013.02.11\obj\x64\debug\darwininjector.obj
c:\users\fastfalcon\source\repos\onvif-device-manager\libs\live555-2013.02.11\obj\x64\debug\devicesource.obj
c:\users\fastfalcon\source\repos\onvif-device-manager\libs\live555-2013.02.11\obj\x64\debug\digestauthentication.obj
c:\users\fastfalcon\source\repos\onvif-device-manager\libs\live555-2013.02.11\obj\x64\debug\dvvideofileservermediasubsession.obj
c:\users\fastfalcon\source\repos\onvif-device-manager\libs\live555-2013.02.11\obj\x64\debug\dvvideortpsink.obj
c:\users\fastfalcon\source\repos\onvif-device-manager\libs\live555-2013.02.11\obj\x64\debug\dvvideortpsource.obj
c:\users\fastfalcon\source\repos\onvif-device-manager\libs\live555-2013.02.11\obj\x64\debug\basictaskscheduler0.obj
c:\users\fastfalcon\source\repos\onvif-device-manager\libs\live555-2013.02.11\obj\x64\debug\basicusageenvironment.obj
c:\users\fastfalcon\source\repos\onvif-device-manager\libs\live555-2013.02.11\obj\x64\debug\basicusageenvironment0.obj
c:\users\fastfalcon\source\repos\onvif-device-manager\libs\live555-2013.02.11\obj\x64\debug\delayqueue.obj
c:\users\fastfalcon\source\repos\onvif-device-manager\libs\live555-2013.02.11\obj\x64\debug\groupeid.obj
c:\users\fastfalcon\source\repos\onvif-device-manager\libs\live555-2013.02.11\obj\x64\debug\groupsock.obj
c:\users\fastfalcon\source\repos\onvif-device-manager\libs\live555-2013.02.11\obj\x64\debug\groupsockhelper.obj
c:\users\fastfalcon\source\repos\onvif-device-manager\libs\live555-2013.02.11\obj\x64\debug\iohandlers.obj
c:\users\fastfalcon\source\repos\onvif-device-manager\libs\live555-2013.02.11\obj\x64\debug\netaddress.obj
c:\users\fastfalcon\source\repos\onvif-device-manager\libs\live555-2013.02.11\obj\x64\debug\netinterface.obj
c:\users\fastfalcon\source\repos\onvif-device-manager\libs\live555-2013.02.11\obj\x64\debug\aacaudiomatroskafileservermediasubsession.obj
c:\users\fastfalcon\source\repos\onvif-device-manager\libs\live555-2013.02.11\obj\x64\debug\ac3audiofileservermediasubsession.obj
c:\users\fastfalcon\source\repos\onvif-device-manager\libs\live555-2013.02.11\obj\x64\debug\ac3audiomatroskafileservermediasubsession.obj
c:\users\fastfalcon\source\repos\onvif-device-manager\libs\live555-2013.02.11\obj\x64\debug\ac3audiortpsink.obj
c:\users\fastfalcon\source\repos\onvif-device-manager\libs\live555-2013.02.11\obj\x64\debug\ac3audiortpsource.obj
c:\users\fastfalcon\source\repos\onvif-device-manager\libs\live555-2013.02.11\obj\x64\debug\ac3audiostreamframer.obj
c:\users\fastfalcon\source\repos\onvif-device-manager\libs\live555-2013.02.11\obj\x64\debug\adtsaudiofileservermediasubsession.obj
c:\users\fastfalcon\source\repos\onvif-device-manager\libs\live555-2013.02.11\obj\x64\debug\adtsaudiofilesource.obj
c:\users\fastfalcon\source\repos\onvif-device-manager\libs\live555-2013.02.11\obj\x64\debug\amraudiofileservermediasubsession.obj
c:\users\fastfalcon\source\repos\onvif-device-manager\libs\live555-2013.02.11\obj\x64\debug\amraudiofilesink.obj
c:\users\fastfalcon\source\repos\onvif-device-manager\libs\live555-2013.02.11\obj\x64\debug\basichashtable.obj
c:\users\fastfalcon\source\repos\onvif-device-manager\libs\live555-2013.02.11\obj\x64\debug\basictaskscheduler.obj
c:\users\fastfalcon\source\repos\onvif-device-manager\libs\live555-2013.02.11\obj\x64\debug\inet.obj
c:\users\fastfalcon\source\repos\onvif-device-manager\libs\live555-2013.02.11\obj\x64\debug\our_md5.obj
c:\users\fastfalcon\source\repos\onvif-device-manager\libs\live555-2013.02.11\obj\x64\debug\our_md5hl.obj
c:\users\fastfalcon\source\repos\onvif-device-manager\libs\live555-2013.02.11\obj\x64\debug\rtcp_from_spec.obj
c:\users\fastfalcon\source\repos\onvif-device-manager\libs\live555-2013.02.11\bin\x64\debug\live555.exe
c:\users\fastfalcon\source\repos\onvif-device-manager\libs\live555-2013.02.11\obj\x64\debug\live555.tlog\cl.command.1.tlog
c:\users\fastfalcon\source\repos\onvif-device-manager\libs\live555-2013.02.11\obj\x64\debug\live555.tlog\cl.items.tlog
c:\users\fastfalcon\source\repos\onvif-device-manager\libs\live555-2013.02.11\obj\x64\debug\live555.tlog\cl.read.1.tlog
c:\users\fastfalcon\source\repos\onvif-device-manager\libs\live555-2013.02.11\obj\x64\debug\live555.tlog\cl.write.1.tlog
c:\users\fastfalcon\source\repos\onvif-device-manager\libs\live555-2013.02.11\obj\x64\debug\live555.tlog\lib-link.read.1.tlog
c:\users\fastfalcon\source\repos\onvif-device-manager\libs\live555-2013.02.11\obj\x64\debug\live555.tlog\lib-link.write.1.tlog
c:\users\fastfalcon\source\repos\onvif-device-manager\libs\live555-2013.02.11\obj\x64\debug\live555.tlog\lib.command.1.tlog
